This is pdfTeX, Version 3.14159265-2.6-1.40.18 (TeX Live 2017/Debian) (preloaded format=pdflatex 2020.6.15)  22 AUG 2020 23:25
entering extended mode
 restricted \write18 enabled.
 %&-line parsing enabled.
**paper.tex
(./paper.tex
LaTeX2e <2017-04-15>
Babel <3.18> and hyphenation patterns for 6 language(s) loaded.
(/usr/share/texlive/texmf-dist/tex/latex/base/article.cls
Document Class: article 2014/09/29 v1.4h Standard LaTeX document class
(/usr/share/texlive/texmf-dist/tex/latex/base/size12.clo
File: size12.clo 2014/09/29 v1.4h Standard LaTeX file (size option)
)
\c@part=\count79
\c@section=\count80
\c@subsection=\count81
\c@subsubsection=\count82
\c@paragraph=\count83
\c@subparagraph=\count84
\c@figure=\count85
\c@table=\count86
\abovecaptionskip=\skip41
\belowcaptionskip=\skip42
\bibindent=\dimen102
)
(/usr/share/texlive/texmf-dist/tex/latex/amsmath/amsmath.sty
Package: amsmath 2017/09/02 v2.17a AMS math features
\@mathmargin=\skip43

For additional information on amsmath, use the `?' option.
(/usr/share/texlive/texmf-dist/tex/latex/amsmath/amstext.sty
Package: amstext 2000/06/29 v2.01 AMS text

(/usr/share/texlive/texmf-dist/tex/latex/amsmath/amsgen.sty
File: amsgen.sty 1999/11/30 v2.0 generic functions
\@emptytoks=\toks14
\ex@=\dimen103
))
(/usr/share/texlive/texmf-dist/tex/latex/amsmath/amsbsy.sty
Package: amsbsy 1999/11/29 v1.2d Bold Symbols
\pmbraise@=\dimen104
)
(/usr/share/texlive/texmf-dist/tex/latex/amsmath/amsopn.sty
Package: amsopn 2016/03/08 v2.02 operator names
)
\inf@bad=\count87
LaTeX Info: Redefining \frac on input line 213.
\uproot@=\count88
\leftroot@=\count89
LaTeX Info: Redefining \overline on input line 375.
\classnum@=\count90
\DOTSCASE@=\count91
LaTeX Info: Redefining \ldots on input line 472.
LaTeX Info: Redefining \dots on input line 475.
LaTeX Info: Redefining \cdots on input line 596.
\Mathstrutbox@=\box26
\strutbox@=\box27
\big@size=\dimen105
LaTeX Font Info:    Redeclaring font encoding OML on input line 712.
LaTeX Font Info:    Redeclaring font encoding OMS on input line 713.
\macc@depth=\count92
\c@MaxMatrixCols=\count93
\dotsspace@=\muskip10
\c@parentequation=\count94
\dspbrk@lvl=\count95
\tag@help=\toks15
\row@=\count96
\column@=\count97
\maxfields@=\count98
\andhelp@=\toks16
\eqnshift@=\dimen106
\alignsep@=\dimen107
\tagshift@=\dimen108
\tagwidth@=\dimen109
\totwidth@=\dimen110
\lineht@=\dimen111
\@envbody=\toks17
\multlinegap=\skip44
\multlinetaggap=\skip45
\mathdisplay@stack=\toks18
LaTeX Info: Redefining \[ on input line 2817.
LaTeX Info: Redefining \] on input line 2818.
)
(/usr/share/texlive/texmf-dist/tex/latex/amsfonts/amssymb.sty
Package: amssymb 2013/01/14 v3.01 AMS font symbols

(/usr/share/texlive/texmf-dist/tex/latex/amsfonts/amsfonts.sty
Package: amsfonts 2013/01/14 v3.01 Basic AMSFonts support
\symAMSa=\mathgroup4
\symAMSb=\mathgroup5
LaTeX Font Info:    Overwriting math alphabet `\mathfrak' in version `bold'
(Font)                  U/euf/m/n --> U/euf/b/n on input line 106.
))
(/usr/share/texlive/texmf-dist/tex/latex/geometry/geometry.sty
Package: geometry 2010/09/12 v5.6 Page Geometry

(/usr/share/texlive/texmf-dist/tex/latex/graphics/keyval.sty
Package: keyval 2014/10/28 v1.15 key=value parser (DPC)
\KV@toks@=\toks19
)
(/usr/share/texlive/texmf-dist/tex/generic/oberdiek/ifpdf.sty
Package: ifpdf 2017/03/15 v3.2 Provides the ifpdf switch
)
(/usr/share/texlive/texmf-dist/tex/generic/oberdiek/ifvtex.sty
Package: ifvtex 2016/05/16 v1.6 Detect VTeX and its facilities (HO)
Package ifvtex Info: VTeX not detected.
)
(/usr/share/texlive/texmf-dist/tex/generic/ifxetex/ifxetex.sty
Package: ifxetex 2010/09/12 v0.6 Provides ifxetex conditional
)
\Gm@cnth=\count99
\Gm@cntv=\count100
\c@Gm@tempcnt=\count101
\Gm@bindingoffset=\dimen112
\Gm@wd@mp=\dimen113
\Gm@odd@mp=\dimen114
\Gm@even@mp=\dimen115
\Gm@layoutwidth=\dimen116
\Gm@layoutheight=\dimen117
\Gm@layouthoffset=\dimen118
\Gm@layoutvoffset=\dimen119
\Gm@dimlist=\toks20
)
(/usr/share/texlive/texmf-dist/tex/latex/hyperref/hyperref.sty
Package: hyperref 2018/02/06 v6.86b Hypertext links for LaTeX

(/usr/share/texlive/texmf-dist/tex/generic/oberdiek/hobsub-hyperref.sty
Package: hobsub-hyperref 2016/05/16 v1.14 Bundle oberdiek, subset hyperref (HO)


(/usr/share/texlive/texmf-dist/tex/generic/oberdiek/hobsub-generic.sty
Package: hobsub-generic 2016/05/16 v1.14 Bundle oberdiek, subset generic (HO)
Package: hobsub 2016/05/16 v1.14 Construct package bundles (HO)
Package: infwarerr 2016/05/16 v1.4 Providing info/warning/error messages (HO)
Package: ltxcmds 2016/05/16 v1.23 LaTeX kernel commands for general use (HO)
Package: ifluatex 2016/05/16 v1.4 Provides the ifluatex switch (HO)
Package ifluatex Info: LuaTeX not detected.
Package hobsub Info: Skipping package `ifvtex' (already loaded).
Package: intcalc 2016/05/16 v1.2 Expandable calculations with integers (HO)
Package hobsub Info: Skipping package `ifpdf' (already loaded).
Package: etexcmds 2016/05/16 v1.6 Avoid name clashes with e-TeX commands (HO)
Package etexcmds Info: Could not find \expanded.
(etexcmds)             That can mean that you are not using pdfTeX 1.50 or
(etexcmds)             that some package has redefined \expanded.
(etexcmds)             In the latter case, load this package earlier.
Package: kvsetkeys 2016/05/16 v1.17 Key value parser (HO)
Package: kvdefinekeys 2016/05/16 v1.4 Define keys (HO)
Package: pdftexcmds 2018/01/21 v0.26 Utility functions of pdfTeX for LuaTeX (HO
)
Package pdftexcmds Info: LuaTeX not detected.
Package pdftexcmds Info: \pdf@primitive is available.
Package pdftexcmds Info: \pdf@ifprimitive is available.
Package pdftexcmds Info: \pdfdraftmode found.
Package: pdfescape 2016/05/16 v1.14 Implements pdfTeX's escape features (HO)
Package: bigintcalc 2016/05/16 v1.4 Expandable calculations on big integers (HO
)
Package: bitset 2016/05/16 v1.2 Handle bit-vector datatype (HO)
Package: uniquecounter 2016/05/16 v1.3 Provide unlimited unique counter (HO)
)
Package hobsub Info: Skipping package `hobsub' (already loaded).
Package: letltxmacro 2016/05/16 v1.5 Let assignment for LaTeX macros (HO)
Package: hopatch 2016/05/16 v1.3 Wrapper for package hooks (HO)
Package: xcolor-patch 2016/05/16 xcolor patch
Package: atveryend 2016/05/16 v1.9 Hooks at the very end of document (HO)
Package atveryend Info: \enddocument detected (standard20110627).
Package: atbegshi 2016/06/09 v1.18 At begin shipout hook (HO)
Package: refcount 2016/05/16 v3.5 Data extraction from label references (HO)
Package: hycolor 2016/05/16 v1.8 Color options for hyperref/bookmark (HO)
)
(/usr/share/texlive/texmf-dist/tex/latex/oberdiek/auxhook.sty
Package: auxhook 2016/05/16 v1.4 Hooks for auxiliary files (HO)
)
(/usr/share/texlive/texmf-dist/tex/latex/oberdiek/kvoptions.sty
Package: kvoptions 2016/05/16 v3.12 Key value format for package options (HO)
)
\@linkdim=\dimen120
\Hy@linkcounter=\count102
\Hy@pagecounter=\count103

(/usr/share/texlive/texmf-dist/tex/latex/hyperref/pd1enc.def
File: pd1enc.def 2018/02/06 v6.86b Hyperref: PDFDocEncoding definition (HO)
)
\Hy@SavedSpaceFactor=\count104

(/usr/share/texlive/texmf-dist/tex/latex/latexconfig/hyperref.cfg
File: hyperref.cfg 2002/06/06 v1.2 hyperref configuration of TeXLive
)
Package hyperref Info: Hyper figures OFF on input line 4509.
Package hyperref Info: Link nesting OFF on input line 4514.
Package hyperref Info: Hyper index ON on input line 4517.
Package hyperref Info: Plain pages OFF on input line 4524.
Package hyperref Info: Backreferencing OFF on input line 4529.
Package hyperref Info: Implicit mode ON; LaTeX internals redefined.
Package hyperref Info: Bookmarks ON on input line 4762.
\c@Hy@tempcnt=\count105

(/usr/share/texlive/texmf-dist/tex/latex/url/url.sty
\Urlmuskip=\muskip11
Package: url 2013/09/16  ver 3.4  Verb mode for urls, etc.
)
LaTeX Info: Redefining \url on input line 5115.
\XeTeXLinkMargin=\dimen121
\Fld@menulength=\count106
\Field@Width=\dimen122
\Fld@charsize=\dimen123
Package hyperref Info: Hyper figures OFF on input line 6369.
Package hyperref Info: Link nesting OFF on input line 6374.
Package hyperref Info: Hyper index ON on input line 6377.
Package hyperref Info: backreferencing OFF on input line 6384.
Package hyperref Info: Link coloring OFF on input line 6389.
Package hyperref Info: Link coloring with OCG OFF on input line 6394.
Package hyperref Info: PDF/A mode OFF on input line 6399.
LaTeX Info: Redefining \ref on input line 6439.
LaTeX Info: Redefining \pageref on input line 6443.
\Hy@abspage=\count107
\c@Item=\count108
\c@Hfootnote=\count109
)
Package hyperref Info: Driver (autodetected): hpdftex.

(/usr/share/texlive/texmf-dist/tex/latex/hyperref/hpdftex.def
File: hpdftex.def 2018/02/06 v6.86b Hyperref driver for pdfTeX
\Fld@listcount=\count110
\c@bookmark@seq@number=\count111

(/usr/share/texlive/texmf-dist/tex/latex/oberdiek/rerunfilecheck.sty
Package: rerunfilecheck 2016/05/16 v1.8 Rerun checks for auxiliary files (HO)
Package uniquecounter Info: New unique counter `rerunfilecheck' on input line 2
82.
)
\Hy@SectionHShift=\skip46
)
Package hyperref Info: Option `colorlinks' set `true' on input line 11.

(/usr/share/texlive/texmf-dist/tex/latex/base/inputenc.sty
Package: inputenc 2015/03/17 v1.2c Input encoding file
\inpenc@prehook=\toks21
\inpenc@posthook=\toks22

(/usr/share/texlive/texmf-dist/tex/latex/base/utf8.def
File: utf8.def 2017/01/28 v1.1t UTF-8 support for inputenc
Now handling font encoding OML ...
... no UTF-8 mapping file for font encoding OML
Now handling font encoding T1 ...
... processing UTF-8 mapping file for font encoding T1

(/usr/share/texlive/texmf-dist/tex/latex/base/t1enc.dfu
File: t1enc.dfu 2017/01/28 v1.1t UTF-8 support for inputenc
   defining Unicode char U+00A0 (decimal 160)
   defining Unicode char U+00A1 (decimal 161)
   defining Unicode char U+00A3 (decimal 163)
   defining Unicode char U+00AB (decimal 171)
   defining Unicode char U+00AD (decimal 173)
   defining Unicode char U+00BB (decimal 187)
   defining Unicode char U+00BF (decimal 191)
   defining Unicode char U+00C0 (decimal 192)
   defining Unicode char U+00C1 (decimal 193)
   defining Unicode char U+00C2 (decimal 194)
   defining Unicode char U+00C3 (decimal 195)
   defining Unicode char U+00C4 (decimal 196)
   defining Unicode char U+00C5 (decimal 197)
   defining Unicode char U+00C6 (decimal 198)
   defining Unicode char U+00C7 (decimal 199)
   defining Unicode char U+00C8 (decimal 200)
   defining Unicode char U+00C9 (decimal 201)
   defining Unicode char U+00CA (decimal 202)
   defining Unicode char U+00CB (decimal 203)
   defining Unicode char U+00CC (decimal 204)
   defining Unicode char U+00CD (decimal 205)
   defining Unicode char U+00CE (decimal 206)
   defining Unicode char U+00CF (decimal 207)
   defining Unicode char U+00D0 (decimal 208)
   defining Unicode char U+00D1 (decimal 209)
   defining Unicode char U+00D2 (decimal 210)
   defining Unicode char U+00D3 (decimal 211)
   defining Unicode char U+00D4 (decimal 212)
   defining Unicode char U+00D5 (decimal 213)
   defining Unicode char U+00D6 (decimal 214)
   defining Unicode char U+00D8 (decimal 216)
   defining Unicode char U+00D9 (decimal 217)
   defining Unicode char U+00DA (decimal 218)
   defining Unicode char U+00DB (decimal 219)
   defining Unicode char U+00DC (decimal 220)
   defining Unicode char U+00DD (decimal 221)
   defining Unicode char U+00DE (decimal 222)
   defining Unicode char U+00DF (decimal 223)
   defining Unicode char U+00E0 (decimal 224)
   defining Unicode char U+00E1 (decimal 225)
   defining Unicode char U+00E2 (decimal 226)
   defining Unicode char U+00E3 (decimal 227)
   defining Unicode char U+00E4 (decimal 228)
   defining Unicode char U+00E5 (decimal 229)
   defining Unicode char U+00E6 (decimal 230)
   defining Unicode char U+00E7 (decimal 231)
   defining Unicode char U+00E8 (decimal 232)
   defining Unicode char U+00E9 (decimal 233)
   defining Unicode char U+00EA (decimal 234)
   defining Unicode char U+00EB (decimal 235)
   defining Unicode char U+00EC (decimal 236)
   defining Unicode char U+00ED (decimal 237)
   defining Unicode char U+00EE (decimal 238)
   defining Unicode char U+00EF (decimal 239)
   defining Unicode char U+00F0 (decimal 240)
   defining Unicode char U+00F1 (decimal 241)
   defining Unicode char U+00F2 (decimal 242)
   defining Unicode char U+00F3 (decimal 243)
   defining Unicode char U+00F4 (decimal 244)
   defining Unicode char U+00F5 (decimal 245)
   defining Unicode char U+00F6 (decimal 246)
   defining Unicode char U+00F8 (decimal 248)
   defining Unicode char U+00F9 (decimal 249)
   defining Unicode char U+00FA (decimal 250)
   defining Unicode char U+00FB (decimal 251)
   defining Unicode char U+00FC (decimal 252)
   defining Unicode char U+00FD (decimal 253)
   defining Unicode char U+00FE (decimal 254)
   defining Unicode char U+00FF (decimal 255)
   defining Unicode char U+0100 (decimal 256)
   defining Unicode char U+0101 (decimal 257)
   defining Unicode char U+0102 (decimal 258)
   defining Unicode char U+0103 (decimal 259)
   defining Unicode char U+0104 (decimal 260)
   defining Unicode char U+0105 (decimal 261)
   defining Unicode char U+0106 (decimal 262)
   defining Unicode char U+0107 (decimal 263)
   defining Unicode char U+0108 (decimal 264)
   defining Unicode char U+0109 (decimal 265)
   defining Unicode char U+010A (decimal 266)
   defining Unicode char U+010B (decimal 267)
   defining Unicode char U+010C (decimal 268)
   defining Unicode char U+010D (decimal 269)
   defining Unicode char U+010E (decimal 270)
   defining Unicode char U+010F (decimal 271)
   defining Unicode char U+0110 (decimal 272)
   defining Unicode char U+0111 (decimal 273)
   defining Unicode char U+0112 (decimal 274)
   defining Unicode char U+0113 (decimal 275)
   defining Unicode char U+0114 (decimal 276)
   defining Unicode char U+0115 (decimal 277)
   defining Unicode char U+0116 (decimal 278)
   defining Unicode char U+0117 (decimal 279)
   defining Unicode char U+0118 (decimal 280)
   defining Unicode char U+0119 (decimal 281)
   defining Unicode char U+011A (decimal 282)
   defining Unicode char U+011B (decimal 283)
   defining Unicode char U+011C (decimal 284)
   defining Unicode char U+011D (decimal 285)
   defining Unicode char U+011E (decimal 286)
   defining Unicode char U+011F (decimal 287)
   defining Unicode char U+0120 (decimal 288)
   defining Unicode char U+0121 (decimal 289)
   defining Unicode char U+0122 (decimal 290)
   defining Unicode char U+0123 (decimal 291)
   defining Unicode char U+0124 (decimal 292)
   defining Unicode char U+0125 (decimal 293)
   defining Unicode char U+0128 (decimal 296)
   defining Unicode char U+0129 (decimal 297)
   defining Unicode char U+012A (decimal 298)
   defining Unicode char U+012B (decimal 299)
   defining Unicode char U+012C (decimal 300)
   defining Unicode char U+012D (decimal 301)
   defining Unicode char U+012E (decimal 302)
   defining Unicode char U+012F (decimal 303)
   defining Unicode char U+0130 (decimal 304)
   defining Unicode char U+0131 (decimal 305)
   defining Unicode char U+0132 (decimal 306)
   defining Unicode char U+0133 (decimal 307)
   defining Unicode char U+0134 (decimal 308)
   defining Unicode char U+0135 (decimal 309)
   defining Unicode char U+0136 (decimal 310)
   defining Unicode char U+0137 (decimal 311)
   defining Unicode char U+0139 (decimal 313)
   defining Unicode char U+013A (decimal 314)
   defining Unicode char U+013B (decimal 315)
   defining Unicode char U+013C (decimal 316)
   defining Unicode char U+013D (decimal 317)
   defining Unicode char U+013E (decimal 318)
   defining Unicode char U+0141 (decimal 321)
   defining Unicode char U+0142 (decimal 322)
   defining Unicode char U+0143 (decimal 323)
   defining Unicode char U+0144 (decimal 324)
   defining Unicode char U+0145 (decimal 325)
   defining Unicode char U+0146 (decimal 326)
   defining Unicode char U+0147 (decimal 327)
   defining Unicode char U+0148 (decimal 328)
   defining Unicode char U+014A (decimal 330)
   defining Unicode char U+014B (decimal 331)
   defining Unicode char U+014C (decimal 332)
   defining Unicode char U+014D (decimal 333)
   defining Unicode char U+014E (decimal 334)
   defining Unicode char U+014F (decimal 335)
   defining Unicode char U+0150 (decimal 336)
   defining Unicode char U+0151 (decimal 337)
   defining Unicode char U+0152 (decimal 338)
   defining Unicode char U+0153 (decimal 339)
   defining Unicode char U+0154 (decimal 340)
   defining Unicode char U+0155 (decimal 341)
   defining Unicode char U+0156 (decimal 342)
   defining Unicode char U+0157 (decimal 343)
   defining Unicode char U+0158 (decimal 344)
   defining Unicode char U+0159 (decimal 345)
   defining Unicode char U+015A (decimal 346)
   defining Unicode char U+015B (decimal 347)
   defining Unicode char U+015C (decimal 348)
   defining Unicode char U+015D (decimal 349)
   defining Unicode char U+015E (decimal 350)
   defining Unicode char U+015F (decimal 351)
   defining Unicode char U+0160 (decimal 352)
   defining Unicode char U+0161 (decimal 353)
   defining Unicode char U+0162 (decimal 354)
   defining Unicode char U+0163 (decimal 355)
   defining Unicode char U+0164 (decimal 356)
   defining Unicode char U+0165 (decimal 357)
   defining Unicode char U+0168 (decimal 360)
   defining Unicode char U+0169 (decimal 361)
   defining Unicode char U+016A (decimal 362)
   defining Unicode char U+016B (decimal 363)
   defining Unicode char U+016C (decimal 364)
   defining Unicode char U+016D (decimal 365)
   defining Unicode char U+016E (decimal 366)
   defining Unicode char U+016F (decimal 367)
   defining Unicode char U+0170 (decimal 368)
   defining Unicode char U+0171 (decimal 369)
   defining Unicode char U+0172 (decimal 370)
   defining Unicode char U+0173 (decimal 371)
   defining Unicode char U+0174 (decimal 372)
   defining Unicode char U+0175 (decimal 373)
   defining Unicode char U+0176 (decimal 374)
   defining Unicode char U+0177 (decimal 375)
   defining Unicode char U+0178 (decimal 376)
   defining Unicode char U+0179 (decimal 377)
   defining Unicode char U+017A (decimal 378)
   defining Unicode char U+017B (decimal 379)
   defining Unicode char U+017C (decimal 380)
   defining Unicode char U+017D (decimal 381)
   defining Unicode char U+017E (decimal 382)
   defining Unicode char U+01CD (decimal 461)
   defining Unicode char U+01CE (decimal 462)
   defining Unicode char U+01CF (decimal 463)
   defining Unicode char U+01D0 (decimal 464)
   defining Unicode char U+01D1 (decimal 465)
   defining Unicode char U+01D2 (decimal 466)
   defining Unicode char U+01D3 (decimal 467)
   defining Unicode char U+01D4 (decimal 468)
   defining Unicode char U+01E2 (decimal 482)
   defining Unicode char U+01E3 (decimal 483)
   defining Unicode char U+01E6 (decimal 486)
   defining Unicode char U+01E7 (decimal 487)
   defining Unicode char U+01E8 (decimal 488)
   defining Unicode char U+01E9 (decimal 489)
   defining Unicode char U+01EA (decimal 490)
   defining Unicode char U+01EB (decimal 491)
   defining Unicode char U+01F0 (decimal 496)
   defining Unicode char U+01F4 (decimal 500)
   defining Unicode char U+01F5 (decimal 501)
   defining Unicode char U+0218 (decimal 536)
   defining Unicode char U+0219 (decimal 537)
   defining Unicode char U+021A (decimal 538)
   defining Unicode char U+021B (decimal 539)
   defining Unicode char U+0232 (decimal 562)
   defining Unicode char U+0233 (decimal 563)
   defining Unicode char U+1E02 (decimal 7682)
   defining Unicode char U+1E03 (decimal 7683)
   defining Unicode char U+200C (decimal 8204)
   defining Unicode char U+2010 (decimal 8208)
   defining Unicode char U+2011 (decimal 8209)
   defining Unicode char U+2012 (decimal 8210)
   defining Unicode char U+2013 (decimal 8211)
   defining Unicode char U+2014 (decimal 8212)
   defining Unicode char U+2015 (decimal 8213)
   defining Unicode char U+2018 (decimal 8216)
   defining Unicode char U+2019 (decimal 8217)
   defining Unicode char U+201A (decimal 8218)
   defining Unicode char U+201C (decimal 8220)
   defining Unicode char U+201D (decimal 8221)
   defining Unicode char U+201E (decimal 8222)
   defining Unicode char U+2030 (decimal 8240)
   defining Unicode char U+2031 (decimal 8241)
   defining Unicode char U+2039 (decimal 8249)
   defining Unicode char U+203A (decimal 8250)
   defining Unicode char U+2423 (decimal 9251)
   defining Unicode char U+1E20 (decimal 7712)
   defining Unicode char U+1E21 (decimal 7713)
)
Now handling font encoding OT1 ...
... processing UTF-8 mapping file for font encoding OT1

(/usr/share/texlive/texmf-dist/tex/latex/base/ot1enc.dfu
File: ot1enc.dfu 2017/01/28 v1.1t UTF-8 support for inputenc
   defining Unicode char U+00A0 (decimal 160)
   defining Unicode char U+00A1 (decimal 161)
   defining Unicode char U+00A3 (decimal 163)
   defining Unicode char U+00AD (decimal 173)
   defining Unicode char U+00B8 (decimal 184)
   defining Unicode char U+00BF (decimal 191)
   defining Unicode char U+00C5 (decimal 197)
   defining Unicode char U+00C6 (decimal 198)
   defining Unicode char U+00D8 (decimal 216)
   defining Unicode char U+00DF (decimal 223)
   defining Unicode char U+00E6 (decimal 230)
   defining Unicode char U+00EC (decimal 236)
   defining Unicode char U+00ED (decimal 237)
   defining Unicode char U+00EE (decimal 238)
   defining Unicode char U+00EF (decimal 239)
   defining Unicode char U+00F8 (decimal 248)
   defining Unicode char U+0131 (decimal 305)
   defining Unicode char U+0141 (decimal 321)
   defining Unicode char U+0142 (decimal 322)
   defining Unicode char U+0152 (decimal 338)
   defining Unicode char U+0153 (decimal 339)
   defining Unicode char U+0174 (decimal 372)
   defining Unicode char U+0175 (decimal 373)
   defining Unicode char U+0176 (decimal 374)
   defining Unicode char U+0177 (decimal 375)
   defining Unicode char U+0218 (decimal 536)
   defining Unicode char U+0219 (decimal 537)
   defining Unicode char U+021A (decimal 538)
   defining Unicode char U+021B (decimal 539)
   defining Unicode char U+2013 (decimal 8211)
   defining Unicode char U+2014 (decimal 8212)
   defining Unicode char U+2018 (decimal 8216)
   defining Unicode char U+2019 (decimal 8217)
   defining Unicode char U+201C (decimal 8220)
   defining Unicode char U+201D (decimal 8221)
)
Now handling font encoding OMS ...
... processing UTF-8 mapping file for font encoding OMS

(/usr/share/texlive/texmf-dist/tex/latex/base/omsenc.dfu
File: omsenc.dfu 2017/01/28 v1.1t UTF-8 support for inputenc
   defining Unicode char U+00A7 (decimal 167)
   defining Unicode char U+00B6 (decimal 182)
   defining Unicode char U+00B7 (decimal 183)
   defining Unicode char U+2020 (decimal 8224)
   defining Unicode char U+2021 (decimal 8225)
   defining Unicode char U+2022 (decimal 8226)
)
Now handling font encoding OMX ...
... no UTF-8 mapping file for font encoding OMX
Now handling font encoding U ...
... no UTF-8 mapping file for font encoding U
Now handling font encoding PD1 ...
... no UTF-8 mapping file for font encoding PD1
   defining Unicode char U+00A9 (decimal 169)
   defining Unicode char U+00AA (decimal 170)
   defining Unicode char U+00AE (decimal 174)
   defining Unicode char U+00BA (decimal 186)
   defining Unicode char U+02C6 (decimal 710)
   defining Unicode char U+02DC (decimal 732)
   defining Unicode char U+200C (decimal 8204)
   defining Unicode char U+2026 (decimal 8230)
   defining Unicode char U+2122 (decimal 8482)
   defining Unicode char U+2423 (decimal 9251)
))
(/usr/share/texlive/texmf-dist/tex/latex/polski/polski.sty
Package: polski 2017/05/04 v1.3.4 Polish language package

   Inputenc package detected. Catcodes not changed.
) (/usr/share/texlive/texmf-dist/tex/generic/babel/babel.sty
Package: babel 2018/02/14 3.18 The Babel package

(/usr/share/texlive/texmf-dist/tex/generic/babel/switch.def
File: switch.def 2018/02/14 3.18 Babel switching mechanism
)
(/usr/share/texlive/texmf-dist/tex/generic/babel-polish/polish.ldf
Language: polish 2005/03/31 v1.2l Polish support from the babel system

(/usr/share/texlive/texmf-dist/tex/generic/babel/babel.def
File: babel.def 2018/02/14 3.18 Babel common definitions
\babel@savecnt=\count112
\U@D=\dimen124

(/usr/share/texlive/texmf-dist/tex/generic/babel/txtbabel.def)
\bbl@dirlevel=\count113
)
Package babel Info: Making " an active character on input line 83.
\pl@left=\dimen125
\pl@down=\dimen126
\pl@right=\dimen127
\pl@temp=\dimen128
))
(/usr/share/texlive/texmf-dist/tex/latex/subfig/subfig.sty
Package: subfig 2005/06/28 ver: 1.3 subfig package

(/usr/share/texlive/texmf-dist/tex/latex/caption/caption.sty
Package: caption 2016/02/21 v3.3-144 Customizing captions (AR)

(/usr/share/texlive/texmf-dist/tex/latex/caption/caption3.sty
Package: caption3 2016/05/22 v1.7-166 caption3 kernel (AR)
Package caption3 Info: TeX engine: e-TeX on input line 67.
\captionmargin=\dimen129
\captionmargin@=\dimen130
\captionwidth=\dimen131
\caption@tempdima=\dimen132
\caption@indent=\dimen133
\caption@parindent=\dimen134
\caption@hangindent=\dimen135
)
\c@ContinuedFloat=\count114
Package caption Info: hyperref package is loaded.
)
\c@KVtest=\count115
\sf@farskip=\skip47
\sf@captopadj=\dimen136
\sf@capskip=\skip48
\sf@nearskip=\skip49
\c@subfigure=\count116
\c@subfigure@save=\count117
\c@lofdepth=\count118
\c@subtable=\count119
\c@subtable@save=\count120
\c@lotdepth=\count121
\sf@top=\skip50
\sf@bottom=\skip51
)
(./algorithm2e.sty
Package: algorithm2e 2017/07/18 v5.2 algorithms environments
\c@AlgoLine=\count122
 (/usr/share/texlive/texmf-dist/tex/latex/base/ifthen.sty
Package: ifthen 2014/09/29 v1.1c Standard LaTeX ifthen package (DPC)
)
\algocf@hangindent=\skip52

(/usr/share/texlive/texmf-dist/tex/latex/ifoddpage/ifoddpage.sty
Package: ifoddpage 2016/04/23 v1.1 Conditionals for odd/even page detection
\c@checkoddpage=\count123
)
(/usr/share/texlive/texmf-dist/tex/latex/tools/xspace.sty
Package: xspace 2014/10/28 v1.13 Space after command names (DPC,MH)
)
(/usr/share/texlive/texmf-dist/tex/latex/relsize/relsize.sty
Package: relsize 2013/03/29 ver 4.1
)
\skiptotal=\skip53
\skiplinenumber=\skip54
\skiprule=\skip55
\skiphlne=\skip56
\skiptext=\skip57
\skiplength=\skip58
\algomargin=\skip59
\skipalgocfslide=\skip60
\algowidth=\dimen137
\inoutsize=\dimen138
\inoutindent=\dimen139
\interspacetitleruled=\dimen140
\interspacealgoruled=\dimen141
\interspacetitleboxruled=\dimen142
\algocf@ruledwidth=\skip61
\algocf@inoutbox=\box28
\algocf@inputbox=\box29
\AlCapSkip=\skip62
\AlCapHSkip=\skip63
\algoskipindent=\skip64
\algocf@nlbox=\box30
\algocf@hangingbox=\box31
\algocf@untilbox=\box32
\algocf@skipuntil=\skip65
\algocf@capbox=\box33
\algocf@lcaptionbox=\skip66
\algoheightruledefault=\skip67
\algoheightrule=\skip68
\algotitleheightruledefault=\skip69
\algotitleheightrule=\skip70
\c@algocfline=\count124
\c@algocfproc=\count125
\c@algocf=\count126
\algocf@algoframe=\box34
\algocf@algobox=\box35
)
(/usr/share/texlive/texmf-dist/tex/latex/graphics/graphicx.sty
Package: graphicx 2017/06/01 v1.1a Enhanced LaTeX Graphics (DPC,SPQR)

(/usr/share/texlive/texmf-dist/tex/latex/graphics/graphics.sty
Package: graphics 2017/06/25 v1.2c Standard LaTeX Graphics (DPC,SPQR)

(/usr/share/texlive/texmf-dist/tex/latex/graphics/trig.sty
Package: trig 2016/01/03 v1.10 sin cos tan (DPC)
)
(/usr/share/texlive/texmf-dist/tex/latex/graphics-cfg/graphics.cfg
File: graphics.cfg 2016/06/04 v1.11 sample graphics configuration
)
Package graphics Info: Driver file: pdftex.def on input line 99.

(/usr/share/texlive/texmf-dist/tex/latex/graphics-def/pdftex.def
File: pdftex.def 2018/01/08 v1.0l Graphics/color driver for pdftex
))
\Gin@req@height=\dimen143
\Gin@req@width=\dimen144
)
(/usr/share/texlive/texmf-dist/tex/latex/wrapfig/wrapfig.sty
\wrapoverhang=\dimen145
\WF@size=\dimen146
\c@WF@wrappedlines=\count127
\WF@box=\box36
\WF@everypar=\toks23
Package: wrapfig 2003/01/31  v 3.6
)
(/usr/share/texlive/texmf-dist/tex/latex/float/float.sty
Package: float 2001/11/08 v1.3d Float enhancements (AL)
\c@float@type=\count128
\float@exts=\toks24
\float@box=\box37
\@float@everytoks=\toks25
\@floatcapt=\box38
) (./paper.aux)
\openout1 = `paper.aux'.

LaTeX Font Info:    Checking defaults for OML/cmm/m/it on input line 26.
LaTeX Font Info:    ... okay on input line 26.
LaTeX Font Info:    Checking defaults for T1/cmr/m/n on input line 26.
LaTeX Font Info:    ... okay on input line 26.
LaTeX Font Info:    Checking defaults for OT1/cmr/m/n on input line 26.
LaTeX Font Info:    ... okay on input line 26.
LaTeX Font Info:    Checking defaults for OMS/cmsy/m/n on input line 26.
LaTeX Font Info:    ... okay on input line 26.
LaTeX Font Info:    Checking defaults for OMX/cmex/m/n on input line 26.
LaTeX Font Info:    ... okay on input line 26.
LaTeX Font Info:    Checking defaults for U/cmr/m/n on input line 26.
LaTeX Font Info:    ... okay on input line 26.
LaTeX Font Info:    Checking defaults for PD1/pdf/m/n on input line 26.
LaTeX Font Info:    ... okay on input line 26.

*geometry* driver: auto-detecting
*geometry* detected driver: pdftex
*geometry* verbose mode - [ preamble ] result:
* driver: pdftex
* paper: <default>
* layout: <same size as paper>
* layoutoffset:(h,v)=(0.0pt,0.0pt)
* modes: 
* h-part:(L,W,R)=(71.13188pt, 472.03123pt, 71.13188pt)
* v-part:(T,H,B)=(71.13188pt, 652.70622pt, 71.13188pt)
* \paperwidth=614.295pt
* \paperheight=794.96999pt
* \textwidth=472.03123pt
* \textheight=652.70622pt
* \oddsidemargin=-1.1381pt
* \evensidemargin=-1.1381pt
* \topmargin=-38.1381pt
* \headheight=12.0pt
* \headsep=25.0pt
* \topskip=12.0pt
* \footskip=30.0pt
* \marginparwidth=44.0pt
* \marginparsep=10.0pt
* \columnsep=10.0pt
* \skip\footins=10.8pt plus 4.0pt minus 2.0pt
* \hoffset=0.0pt
* \voffset=0.0pt
* \mag=1000
* \@twocolumnfalse
* \@twosidefalse
* \@mparswitchfalse
* \@reversemarginfalse
* (1in=72.27pt=25.4mm, 1cm=28.453pt)

\AtBeginShipoutBox=\box39
(/usr/share/texlive/texmf-dist/tex/latex/graphics/color.sty
Package: color 2016/07/10 v1.1e Standard LaTeX Color (DPC)

(/usr/share/texlive/texmf-dist/tex/latex/graphics-cfg/color.cfg
File: color.cfg 2016/01/02 v1.6 sample color configuration
)
Package color Info: Driver file: pdftex.def on input line 147.
)
Package hyperref Info: Link coloring ON on input line 26.

(/usr/share/texlive/texmf-dist/tex/latex/hyperref/nameref.sty
Package: nameref 2016/05/21 v2.44 Cross-referencing by name of section

(/usr/share/texlive/texmf-dist/tex/generic/oberdiek/gettitlestring.sty
Package: gettitlestring 2016/05/16 v1.5 Cleanup title references (HO)
)
\c@section@level=\count129
)
LaTeX Info: Redefining \ref on input line 26.
LaTeX Info: Redefining \pageref on input line 26.
LaTeX Info: Redefining \nameref on input line 26.

(./paper.out) (./paper.out)
\@outlinefile=\write3
\openout3 = `paper.out'.

Package caption Info: Begin \AtBeginDocument code.
Package caption Info: subfig package v1.3 is loaded.
Package caption Info: float package is loaded.
Package caption Info: wrapfig package is loaded.
Package caption Info: End \AtBeginDocument code.

(/usr/share/texlive/texmf-dist/tex/context/base/mkii/supp-pdf.mkii
[Loading MPS to PDF converter (version 2006.09.02).]
\scratchcounter=\count130
\scratchdimen=\dimen147
\scratchbox=\box40
\nofMPsegments=\count131
\nofMParguments=\count132
\everyMPshowfont=\toks26
\MPscratchCnt=\count133
\MPscratchDim=\dimen148
\MPnumerator=\count134
\makeMPintoPDFobject=\count135
\everyMPtoPDFconversion=\toks27
) (/usr/share/texlive/texmf-dist/tex/latex/oberdiek/epstopdf-base.sty
Package: epstopdf-base 2016/05/15 v2.6 Base part for package epstopdf

(/usr/share/texlive/texmf-dist/tex/latex/oberdiek/grfext.sty
Package: grfext 2016/05/16 v1.2 Manage graphics extensions (HO)
)
Package epstopdf-base Info: Redefining graphics rule for `.eps' on input line 4
38.
Package grfext Info: Graphics extension search list:
(grfext)             [.pdf,.png,.jpg,.mps,.jpeg,.jbig2,.jb2,.PDF,.PNG,.JPG,.JPE
G,.JBIG2,.JB2,.eps]
(grfext)             \AppendGraphicsExtensions on input line 456.

(/usr/share/texlive/texmf-dist/tex/latex/latexconfig/epstopdf-sys.cfg
File: epstopdf-sys.cfg 2010/07/13 v1.3 Configuration of (r)epstopdf for TeX Liv
e
))
LaTeX Font Info:    Try loading font information for U+msa on input line 56.

(/usr/share/texlive/texmf-dist/tex/latex/amsfonts/umsa.fd
File: umsa.fd 2013/01/14 v3.01 AMS symbols A
)
LaTeX Font Info:    Try loading font information for U+msb on input line 56.

(/usr/share/texlive/texmf-dist/tex/latex/amsfonts/umsb.fd
File: umsb.fd 2013/01/14 v3.01 AMS symbols B
) [1

{/var/lib/texmf/fonts/map/pdftex/updmap/pdftex.map}]
Underfull \hbox (badness 10000) in paragraph at lines 72--73

 []

pdfTeX warning (ext4): destination with the same identifier (name{page.1}) has 
been already used, duplicate ignored
<to be read again> 
                   \relax 
l.98 \newpage
              [1] (./paper.toc)
\tf@toc=\write4
\openout4 = `paper.toc'.

 [2] [3]
<images/shipsingle2.png, id=136, 125.46875pt x 125.46875pt>
File: images/shipsingle2.png Graphic file (type png)
<use images/shipsingle2.png>
Package pdftex.def Info: images/shipsingle2.png  used on input line 145.
(pdftex.def)             Requested size: 118.01337pt x 118.01337pt.
 [4 <./images/shipsingle2.png>]
Underfull \hbox (badness 10000) in paragraph at lines 181--194

 []


Underfull \hbox (badness 10000) in paragraph at lines 181--194

 []

[5] [6]

Package hyperref Warning: Token not allowed in a PDF string (PDFDocEncoding):
(hyperref)                removing `math shift' on input line 257.


Package hyperref Warning: Token not allowed in a PDF string (PDFDocEncoding):
(hyperref)                removing `math shift' on input line 257.

[7]
Underfull \hbox (badness 10000) in paragraph at lines 276--281

 []


Underfull \hbox (badness 10000) in paragraph at lines 276--281

 []

[8] [9] [10] [11]
<images/trainings/stoppingdepth.png, id=230, 425.6703pt x 328.8285pt>
File: images/trainings/stoppingdepth.png Graphic file (type png)
<use images/trainings/stoppingdepth.png>
Package pdftex.def Info: images/trainings/stoppingdepth.png  used on input line
 350.
(pdftex.def)             Requested size: 236.01561pt x 182.32635pt.
<images/trainings/stoppingwidth.png, id=231, 425.6703pt x 328.8285pt>
File: images/trainings/stoppingwidth.png Graphic file (type png)
<use images/trainings/stoppingwidth.png>
Package pdftex.def Info: images/trainings/stoppingwidth.png  used on input line
 351.
(pdftex.def)             Requested size: 236.01561pt x 182.32635pt.
<images/trainings/stoppingeps_decay.png, id=232, 425.6703pt x 328.8285pt>
File: images/trainings/stoppingeps_decay.png Graphic file (type png)
<use images/trainings/stoppingeps_decay.png>
Package pdftex.def Info: images/trainings/stoppingeps_decay.png  used on input 
line 353.
(pdftex.def)             Requested size: 236.01561pt x 182.32635pt.
<images/trainings/stoppingeps_end.png, id=233, 425.6703pt x 328.8285pt>
File: images/trainings/stoppingeps_end.png Graphic file (type png)
<use images/trainings/stoppingeps_end.png>
Package pdftex.def Info: images/trainings/stoppingeps_end.png  used on input li
ne 354.
(pdftex.def)             Requested size: 236.01561pt x 182.32635pt.

Underfull \hbox (badness 10000) in paragraph at lines 350--355
[][][][]
 []

[12 <./images/trainings/stoppingdepth.png> <./images/trainings/stoppingwidth.pn
g> <./images/trainings/stoppingeps_decay.png> <./images/trainings/stoppingeps_e
nd.png>]
<images/trainings/checkpoint_single_v2depth.png, id=248, 436.5108pt x 328.8285p
t>
File: images/trainings/checkpoint_single_v2depth.png Graphic file (type png)
<use images/trainings/checkpoint_single_v2depth.png>
Package pdftex.def Info: images/trainings/checkpoint_single_v2depth.png  used o
n input line 362.
(pdftex.def)             Requested size: 236.01561pt x 177.79555pt.
<images/trainings/checkpoint_single_v2gamma.png, id=249, 436.5108pt x 328.8285p
t>
File: images/trainings/checkpoint_single_v2gamma.png Graphic file (type png)
<use images/trainings/checkpoint_single_v2gamma.png>
Package pdftex.def Info: images/trainings/checkpoint_single_v2gamma.png  used o
n input line 363.
(pdftex.def)             Requested size: 236.01561pt x 177.79555pt.
<images/trainings/checkpoint_single_v2lr.png, id=250, 436.5108pt x 328.8285pt>
File: images/trainings/checkpoint_single_v2lr.png Graphic file (type png)
<use images/trainings/checkpoint_single_v2lr.png>
Package pdftex.def Info: images/trainings/checkpoint_single_v2lr.png  used on i
nput line 365.
(pdftex.def)             Requested size: 236.01561pt x 177.79555pt.
<images/trainings/checkpoint_single_v2eps_end.png, id=251, 436.5108pt x 328.828
5pt>
File: images/trainings/checkpoint_single_v2eps_end.png Graphic file (type png)
<use images/trainings/checkpoint_single_v2eps_end.png>
Package pdftex.def Info: images/trainings/checkpoint_single_v2eps_end.png  used
 on input line 366.
(pdftex.def)             Requested size: 236.01561pt x 177.79555pt.

Underfull \hbox (badness 10000) in paragraph at lines 362--367
[][][][]
 []

[13 <./images/trainings/checkpoint_single_v2depth.png> <./images/trainings/chec
kpoint_single_v2gamma.png> <./images/trainings/checkpoint_single_v2lr.png> <./i
mages/trainings/checkpoint_single_v2eps_end.png>]
<images/trainings/checkpoint_singlegamma.png, id=265, 424.2249pt x 328.8285pt>
File: images/trainings/checkpoint_singlegamma.png Graphic file (type png)
<use images/trainings/checkpoint_singlegamma.png>
Package pdftex.def Info: images/trainings/checkpoint_singlegamma.png  used on i
nput line 373.
(pdftex.def)             Requested size: 236.01561pt x 182.94351pt.
<images/trainings//checkpoint_singlewidth.png, id=266, 424.2249pt x 328.8285pt>

File: images/trainings//checkpoint_singlewidth.png Graphic file (type png)
<use images/trainings//checkpoint_singlewidth.png>
Package pdftex.def Info: images/trainings//checkpoint_singlewidth.png  used on 
input line 374.
(pdftex.def)             Requested size: 236.01561pt x 182.94351pt.
<images/trainings/checkpoint_singletarget_update_frequency.png, id=267, 433.62p
t x 328.8285pt>
File: images/trainings/checkpoint_singletarget_update_frequency.png Graphic fil
e (type png)
<use images/trainings/checkpoint_singletarget_update_frequency.png>
Package pdftex.def Info: images/trainings/checkpoint_singletarget_update_freque
ncy.png  used on input line 376.
(pdftex.def)             Requested size: 236.01561pt x 178.97968pt.
<images/trainings/checkpoint_singlememory_size.png, id=268, 424.2249pt x 328.82
85pt>
File: images/trainings/checkpoint_singlememory_size.png Graphic file (type png)

<use images/trainings/checkpoint_singlememory_size.png>
Package pdftex.def Info: images/trainings/checkpoint_singlememory_size.png  use
d on input line 377.
(pdftex.def)             Requested size: 236.01561pt x 182.94351pt.

Underfull \hbox (badness 10000) in paragraph at lines 373--378
[][][][]
 []

[14 <./images/trainings/checkpoint_singlegamma.png> <./images/trainings//checkp
oint_singlewidth.png> <./images/trainings/checkpoint_singletarget_update_freque
ncy.png> <./images/trainings/checkpoint_singlememory_size.png>]
<images/trainings/stoppingliving_penalty.png, id=282, 425.6703pt x 328.8285pt>
File: images/trainings/stoppingliving_penalty.png Graphic file (type png)
<use images/trainings/stoppingliving_penalty.png>
Package pdftex.def Info: images/trainings/stoppingliving_penalty.png  used on i
nput line 384.
(pdftex.def)             Requested size: 236.01561pt x 182.32635pt.
<images/trainings/checkpoint_singleliving_penalty.png, id=283, 424.2249pt x 328
.8285pt>
File: images/trainings/checkpoint_singleliving_penalty.png Graphic file (type p
ng)
<use images/trainings/checkpoint_singleliving_penalty.png>
Package pdftex.def Info: images/trainings/checkpoint_singleliving_penalty.png  
used on input line 385.
(pdftex.def)             Requested size: 236.01561pt x 182.94351pt.
 [15 <./images/trainings/stoppingliving_penalty.png> <./images/trainings/checkp
oint_singleliving_penalty.png>]
<images/trainings/stoppingsummary.png, id=294, 743.6583pt x 507.3354pt>
File: images/trainings/stoppingsummary.png Graphic file (type png)
<use images/trainings/stoppingsummary.png>
Package pdftex.def Info: images/trainings/stoppingsummary.png  used on input li
ne 408.
(pdftex.def)             Requested size: 472.03123pt x 322.0228pt.


Package caption Warning: The option `hypcap=true' will be ignored for this
(caption)                particular \caption on input line 421.
See the caption package documentation for explanation.

[16 <./images/trainings/stoppingsummary.png>]
<images/trainings/checkpoint_singlesummary.png, id=308, 731.3724pt x 507.3354pt
>
File: images/trainings/checkpoint_singlesummary.png Graphic file (type png)
<use images/trainings/checkpoint_singlesummary.png>
Package pdftex.def Info: images/trainings/checkpoint_singlesummary.png  used on
 input line 429.
(pdftex.def)             Requested size: 472.03123pt x 327.4417pt.


Package caption Warning: The option `hypcap=true' will be ignored for this
(caption)                particular \caption on input line 442.
See the caption package documentation for explanation.


Overfull \hbox (9.30507pt too wide) in paragraph at lines 433--442
 [] 
 []

[17 <./images/trainings/checkpoint_singlesummary.png>]
<images/trainings/checkpoint_single_v2summary.png, id=320, 737.8767pt x 507.335
4pt>
File: images/trainings/checkpoint_single_v2summary.png Graphic file (type png)
<use images/trainings/checkpoint_single_v2summary.png>
Package pdftex.def Info: images/trainings/checkpoint_single_v2summary.png  used
 on input line 449.
(pdftex.def)             Requested size: 472.03123pt x 324.56194pt.


Package caption Warning: The option `hypcap=true' will be ignored for this
(caption)                particular \caption on input line 462.
See the caption package documentation for explanation.

[18 <./images/trainings/checkpoint_single_v2summary.png>]
<images/plots/FastselectedAngular_velocityShip_velocity_direction.png, id=332, 
431.211pt x 327.624pt>
File: images/plots/FastselectedAngular_velocityShip_velocity_direction.png Grap
hic file (type png)
<use images/plots/FastselectedAngular_velocityShip_velocity_direction.png>
Package pdftex.def Info: images/plots/FastselectedAngular_velocityShip_velocity
_direction.png  used on input line 479.
(pdftex.def)             Requested size: 236.01561pt x 179.3189pt.
<images/plots/SafeselectedAngular_velocityShip_velocity_direction.png, id=333, 
431.211pt x 327.624pt>
File: images/plots/SafeselectedAngular_velocityShip_velocity_direction.png Grap
hic file (type png)
<use images/plots/SafeselectedAngular_velocityShip_velocity_direction.png>
Package pdftex.def Info: images/plots/SafeselectedAngular_velocityShip_velocity
_direction.png  used on input line 482.
(pdftex.def)             Requested size: 236.01561pt x 179.3189pt.
<images/plots/DangerousselectedAngular_velocityShip_velocity_direction.png, id=
334, 431.211pt x 327.624pt>
File: images/plots/DangerousselectedAngular_velocityShip_velocity_direction.png
 Graphic file (type png)
<use images/plots/DangerousselectedAngular_velocityShip_velocity_direction.png>

Package pdftex.def Info: images/plots/DangerousselectedAngular_velocityShip_vel
ocity_direction.png  used on input line 485.
(pdftex.def)             Requested size: 236.01561pt x 179.3189pt.
<images/statki.png, id=337, 355.3275pt x 321.2pt>
File: images/statki.png Graphic file (type png)
<use images/statki.png>
Package pdftex.def Info: images/statki.png  used on input line 492.
(pdftex.def)             Requested size: 165.2102pt x 149.34665pt.
 [19 <./images/plots/FastselectedAngular_velocityShip_velocity_direction.png> <
./images/plots/SafeselectedAngular_velocityShip_velocity_direction.png> <./imag
es/plots/DangerousselectedAngular_velocityShip_velocity_direction.png> <./image
s/statki.png>]
<images/plots/DangerousdistributionAngular_velocityShip_velocity_direction.png,
 id=353, 414.8298pt x 328.1058pt>
File: images/plots/DangerousdistributionAngular_velocityShip_velocity_direction
.png Graphic file (type png)
<use images/plots/DangerousdistributionAngular_velocityShip_velocity_direction.
png>
Package pdftex.def Info: images/plots/DangerousdistributionAngular_velocityShip
_velocity_direction.png  used on input line 502.
(pdftex.def)             Requested size: 247.57687pt x 195.81386pt.
<images/plots/DangerousdistributionShip_velocityAngular_velocity.png, id=354, 4
17.7206pt x 328.1058pt>
File: images/plots/DangerousdistributionShip_velocityAngular_velocity.png Graph
ic file (type png)
<use images/plots/DangerousdistributionShip_velocityAngular_velocity.png>
Package pdftex.def Info: images/plots/DangerousdistributionShip_velocityAngular
_velocity.png  used on input line 503.
(pdftex.def)             Requested size: 249.30214pt x 195.81386pt.
<images/plots/FastdistributionAngular_velocityShip_velocity_direction.png, id=3
55, 414.8298pt x 328.1058pt>
File: images/plots/FastdistributionAngular_velocityShip_velocity_direction.png 
Graphic file (type png)
<use images/plots/FastdistributionAngular_velocityShip_velocity_direction.png>
Package pdftex.def Info: images/plots/FastdistributionAngular_velocityShip_velo
city_direction.png  used on input line 505.
(pdftex.def)             Requested size: 247.57687pt x 195.81386pt.
<images/plots/FastdistributionShip_velocityAngular_velocity.png, id=356, 424.46
58pt x 328.1058pt>
File: images/plots/FastdistributionShip_velocityAngular_velocity.png Graphic fi
le (type png)
<use images/plots/FastdistributionShip_velocityAngular_velocity.png>
Package pdftex.def Info: images/plots/FastdistributionShip_velocityAngular_velo
city.png  used on input line 506.
(pdftex.def)             Requested size: 253.32777pt x 195.81386pt.

Overfull \hbox (24.84778pt too wide) in paragraph at lines 502--508
[][][][]
 []


Overfull \hbox (28.87341pt too wide) in paragraph at lines 502--508
[][][][][] 
 []

[20 <./images/plots/DangerousdistributionAngular_velocityShip_velocity_directio
n.png> <./images/plots/DangerousdistributionShip_velocityAngular_velocity.png> 
<./images/plots/FastdistributionAngular_velocityShip_velocity_direction.png> <.
/images/plots/FastdistributionShip_velocityAngular_velocity.png>]
<images/plots/FaststatevAngular_velocityShip_velocity_direction.png, id=373, 41
1.4572pt x 328.1058pt>
File: images/plots/FaststatevAngular_velocityShip_velocity_direction.png Graphi
c file (type png)
<use images/plots/FaststatevAngular_velocityShip_velocity_direction.png>
Package pdftex.def Info: images/plots/FaststatevAngular_velocityShip_velocity_d
irection.png  used on input line 514.
(pdftex.def)             Requested size: 245.56404pt x 195.81386pt.
<images/plots/FaststatevShip_velocityShip_velocity_direction.png, id=374, 411.4
572pt x 328.1058pt>
File: images/plots/FaststatevShip_velocityShip_velocity_direction.png Graphic f
ile (type png)
<use images/plots/FaststatevShip_velocityShip_velocity_direction.png>
Package pdftex.def Info: images/plots/FaststatevShip_velocityShip_velocity_dire
ction.png  used on input line 515.
(pdftex.def)             Requested size: 245.56404pt x 195.81386pt.
<images/plots/DangerousstatevAngular_velocityShip_velocity_direction.png, id=37
5, 420.1296pt x 328.1058pt>
File: images/plots/DangerousstatevAngular_velocityShip_velocity_direction.png G
raphic file (type png)
<use images/plots/DangerousstatevAngular_velocityShip_velocity_direction.png>
Package pdftex.def Info: images/plots/DangerousstatevAngular_velocityShip_veloc
ity_direction.png  used on input line 517.
(pdftex.def)             Requested size: 250.73987pt x 195.81386pt.
<images/plots/DangerousstatevShip_velocityShip_velocity_direction.png, id=376, 
420.1296pt x 328.1058pt>
File: images/plots/DangerousstatevShip_velocityShip_velocity_direction.png Grap
hic file (type png)
<use images/plots/DangerousstatevShip_velocityShip_velocity_direction.png>
Package pdftex.def Info: images/plots/DangerousstatevShip_velocityShip_velocity
_direction.png  used on input line 518.
(pdftex.def)             Requested size: 250.73987pt x 195.81386pt.

Overfull \hbox (19.09685pt too wide) in paragraph at lines 514--520
[][][][]
 []


Overfull \hbox (29.4485pt too wide) in paragraph at lines 514--520
[][][][][] 
 []

[21 <./images/plots/FaststatevAngular_velocityShip_velocity_direction.png> <./i
mages/plots/FaststatevShip_velocityShip_velocity_direction.png> <./images/plots
/DangerousstatevAngular_velocityShip_velocity_direction.png> <./images/plots/Da
ngerousstatevShip_velocityShip_velocity_direction.png>]
File: images/plots/FastdistributionAngular_velocityShip_velocity_direction.png 
Graphic file (type png)
<use images/plots/FastdistributionAngular_velocityShip_velocity_direction.png>
Package pdftex.def Info: images/plots/FastdistributionAngular_velocityShip_velo
city_direction.png  used on input line 523.
(pdftex.def)             Requested size: 247.57687pt x 195.81386pt.
File: images/plots/FastselectedAngular_velocityShip_velocity_direction.png Grap
hic file (type png)
<use images/plots/FastselectedAngular_velocityShip_velocity_direction.png>
Package pdftex.def Info: images/plots/FastselectedAngular_velocityShip_velocity
_direction.png  used on input line 524.
(pdftex.def)             Requested size: 257.73505pt x 195.81386pt.
<images/plots/SafedistributionAngular_velocityShip_velocity_direction.png, id=3
89, 427.3566pt x 328.1058pt>
File: images/plots/SafedistributionAngular_velocityShip_velocity_direction.png 
Graphic file (type png)
<use images/plots/SafedistributionAngular_velocityShip_velocity_direction.png>
Package pdftex.def Info: images/plots/SafedistributionAngular_velocityShip_velo
city_direction.png  used on input line 526.
(pdftex.def)             Requested size: 255.05305pt x 195.81386pt.
File: images/plots/SafeselectedAngular_velocityShip_velocity_direction.png Grap
hic file (type png)
<use images/plots/SafeselectedAngular_velocityShip_velocity_direction.png>
Package pdftex.def Info: images/plots/SafeselectedAngular_velocityShip_velocity
_direction.png  used on input line 527.
(pdftex.def)             Requested size: 257.73505pt x 195.81386pt.

Overfull \hbox (33.28069pt too wide) in paragraph at lines 523--528
[][][][]
 []


Overfull \hbox (40.75687pt too wide) in paragraph at lines 523--528
[][][][] 
 []

[22 <./images/plots/SafedistributionAngular_velocityShip_velocity_direction.png
>] (./paper.bbl
Underfull \hbox (badness 1158) in paragraph at lines 7--10
[]\T1/cmr/m/n/12 Abien Fred Aga-rap.  Deep le-ar-ning using rec-ti-fied li-near
 units (relu).  \T1/cmr/m/it/12 CoRR\T1/cmr/m/n/12 ,
 []


Underfull \hbox (badness 2318) in paragraph at lines 21--24
[]\T1/cmr/m/n/12 Alex Gra-ves.  Ge-ne-ra-ting se-qu-en-ces with re-cur-rent neu
-ral ne-tworks.  \T1/cmr/m/it/12 CoRR\T1/cmr/m/n/12 ,
 []

) (./paper.lof [23])
\tf@lof=\write5
\openout5 = `paper.lof'.

 (./paper.lot)
\tf@lot=\write6
\openout6 = `paper.lot'.

Package atveryend Info: Empty hook `BeforeClearDocument' on input line 540.
 [24]
Package atveryend Info: Empty hook `AfterLastShipout' on input line 540.
 (./paper.aux)
Package atveryend Info: Executing hook `AtVeryEndDocument' on input line 540.
Package atveryend Info: Executing hook `AtEndAfterFileList' on input line 540.
Package rerunfilecheck Info: File `paper.out' has not changed.
(rerunfilecheck)             Checksum: 307B819846481B143DCB298393B08266;1430.
Package atveryend Info: Empty hook `AtVeryVeryEnd' on input line 540.
 ) 
Here is how much of TeX's memory you used:
 9961 strings out of 494847
 151279 string characters out of 6178851
 251087 words of memory out of 5000000
 12970 multiletter control sequences out of 15000+600000
 18627 words of font info for 51 fonts, out of 8000000 for 9000
 56 hyphenation exceptions out of 8191
 44i,15n,42p,1342b,551s stack positions out of 5000i,500n,10000p,200000b,80000s
 </home/SoliareofAstora/.texlive2017/texmf-var/fonts/pk/ljfour/jknappen/ec/ec
ti1200.600pk> </home/SoliareofAstora/.texlive2017/texmf-var/fonts/pk/ljfour/jkn
appen/ec/ecbx1200.600pk> </home/SoliareofAstora/.texlive2017/texmf-var/fonts/pk
/ljfour/jknappen/ec/ecbx1440.600pk> </home/SoliareofAstora/.texlive2017/texmf-v
ar/fonts/pk/ljfour/jknappen/ec/ecbx2488.600pk> </home/SoliareofAstora/.texlive2
017/texmf-var/fonts/pk/ljfour/jknappen/ec/ecrm1200.600pk> </home/SoliareofAstor
a/.texlive2017/texmf-var/fonts/pk/ljfour/jknappen/ec/ecrm1728.600pk> </home/Sol
iareofAstora/.texlive2017/texmf-var/fonts/pk/ljfour/jknappen/ec/ecbx1728.600pk>
</usr/share/texlive/texmf-dist/fonts/type1/public/amsfonts/cm/cmex10.pfb></usr/
share/texlive/texmf-dist/fonts/type1/public/amsfonts/cm/cmmi12.pfb></usr/share/
texlive/texmf-dist/fonts/type1/public/amsfonts/cm/cmmi6.pfb></usr/share/texlive
/texmf-dist/fonts/type1/public/amsfonts/cm/cmmi8.pfb></usr/share/texlive/texmf-
dist/fonts/type1/public/amsfonts/cm/cmr12.pfb></usr/share/texlive/texmf-dist/fo
nts/type1/public/amsfonts/cm/cmr6.pfb></usr/share/texlive/texmf-dist/fonts/type
1/public/amsfonts/cm/cmr8.pfb></usr/share/texlive/texmf-dist/fonts/type1/public
/amsfonts/cm/cmsy10.pfb></usr/share/texlive/texmf-dist/fonts/type1/public/amsfo
nts/cm/cmsy6.pfb></usr/share/texlive/texmf-dist/fonts/type1/public/amsfonts/cm/
cmsy8.pfb></usr/share/texlive/texmf-dist/fonts/type1/public/amsfonts/symbols/ms
am10.pfb></usr/share/texlive/texmf-dist/fonts/type1/public/amsfonts/symbols/msb
m10.pfb>
Output written on paper.pdf (25 pages, 4739831 bytes).
PDF statistics:
 839 PDF objects out of 1000 (max. 8388607)
 415 compressed objects within 5 object streams
 130 named destinations out of 1000 (max. 500000)
 324 words of extra memory for PDF output out of 10000 (max. 10000000)

